\BOOKMARK [1][-]{section.1}{Introduction}{}% 1
\BOOKMARK [1][-]{section.2}{Methodology}{}% 2
\BOOKMARK [2][-]{subsection.2.1}{Preprocessing}{section.2}% 3
\BOOKMARK [2][-]{subsection.2.2}{Algorithm}{section.2}% 4
\BOOKMARK [1][-]{section.3}{Experiment}{}% 5
\BOOKMARK [2][-]{subsection.3.1}{Preprocessing}{section.3}% 6
\BOOKMARK [2][-]{subsection.3.2}{Algorithm}{section.3}% 7
\BOOKMARK [3][-]{subsubsection.3.2.1}{Regression}{subsection.3.2}% 8
\BOOKMARK [3][-]{subsubsection.3.2.2}{Decision Tree}{subsection.3.2}% 9
\BOOKMARK [3][-]{subsubsection.3.2.3}{KNN}{subsection.3.2}% 10
\BOOKMARK [3][-]{subsubsection.3.2.4}{SVM}{subsection.3.2}% 11
\BOOKMARK [3][-]{subsubsection.3.2.5}{AdaBoost}{subsection.3.2}% 12
\BOOKMARK [3][-]{subsubsection.3.2.6}{Random Forest}{subsection.3.2}% 13
\BOOKMARK [3][-]{subsubsection.3.2.7}{Other}{subsection.3.2}% 14
\BOOKMARK [1][-]{section.4}{Conclusion}{}% 15
\BOOKMARK [2][-]{subsection.4.1}{Citations within the text}{section.4}% 16
\BOOKMARK [2][-]{subsection.4.2}{Footnotes}{section.4}% 17
\BOOKMARK [2][-]{subsection.4.3}{Figures}{section.4}% 18
\BOOKMARK [2][-]{subsection.4.4}{Tables}{section.4}% 19
\BOOKMARK [1][-]{section.5}{Final instructions}{}% 20
\BOOKMARK [1][-]{section.6}{Preparing PDF files}{}% 21
\BOOKMARK [2][-]{subsection.6.1}{Margins in LaTeX}{section.6}% 22
